0 info it worked if it ends with ok
1 verbose cli [ 'C:\\Program Files\\nodejs\\node.exe',
1 verbose cli   'C:\\Program Files\\nodejs\\node_modules\\npm\\bin\\npm-cli.js',
1 verbose cli   'start' ]
2 info using npm@3.10.10
3 info using node@v6.11.1
4 verbose run-script [ 'prestart', 'start', 'poststart' ]
5 info lifecycle a-simple-react-router-v4-tutorial@0.0.52~prestart: a-simple-react-router-v4-tutorial@0.0.52
6 silly lifecycle a-simple-react-router-v4-tutorial@0.0.52~prestart: no script for prestart, continuing
7 info lifecycle a-simple-react-router-v4-tutorial@0.0.52~start: a-simple-react-router-v4-tutorial@0.0.52
8 verbose lifecycle a-simple-react-router-v4-tutorial@0.0.52~start: unsafe-perm in lifecycle true
9 verbose lifecycle a-simple-react-router-v4-tutorial@0.0.52~start: PATH: C:\Program Files\nodejs\node_modules\npm\bin\node-gyp-bin;c:\xampp\htdocs\ReactJs\ReactRoute\node_modules\.bin;C:\ImageMagick-6.8.9-Q16;C:\Program Files (x86)\ImageMagick-6.8.9-Q16;C:\Program Files (x86)\Intel\iCLS Client\;C:\Program Files\Intel\iCLS Client\;C:\WINDOWS\system32;C:\WINDOWS;C:\WINDOWS\System32\Wbem;C:\WINDOWS\System32\WindowsPowerShell\v1.0\;C:\Program Files (x86)\Intel\Intel(R) Management Engine Components\DAL;C:\Program Files\Intel\Intel(R) Management Engine Components\DAL;C:\Program Files (x86)\Intel\Intel(R) Management Engine Components\IPT;C:\Program Files\Intel\Intel(R) Management Engine Components\IPT;C:\Program Files\TortoiseSVN\bin;C:\Program Files (x86)\Skype\Phone\;C:\Program Files\Git\cmd;C:\Program Files (x86)\Brackets\command;C:\Program Files\nodejs\;C:\Users\Anandhaprabhu\AppData\Local\Microsoft\WindowsApps;C:\xampp\php;C:\Program Files (x86)\Microsoft VS Code\bin;C:\Users\Anandhaprabhu\AppData\Roaming\npm
10 verbose lifecycle a-simple-react-router-v4-tutorial@0.0.52~start: CWD: c:\xampp\htdocs\ReactJs\ReactRoute
11 silly lifecycle a-simple-react-router-v4-tutorial@0.0.52~start: Args: [ '/d /s /c', 'react-scripts start' ]
12 silly lifecycle a-simple-react-router-v4-tutorial@0.0.52~start: Returned: code: 1  signal: null
13 info lifecycle a-simple-react-router-v4-tutorial@0.0.52~start: Failed to exec start script
14 verbose stack Error: a-simple-react-router-v4-tutorial@0.0.52 start: `react-scripts start`
14 verbose stack Exit status 1
14 verbose stack     at EventEmitter.<anonymous> (C:\Program Files\nodejs\node_modules\npm\lib\utils\lifecycle.js:255:16)
14 verbose stack     at emitTwo (events.js:106:13)
14 verbose stack     at EventEmitter.emit (events.js:191:7)
14 verbose stack     at ChildProcess.<anonymous> (C:\Program Files\nodejs\node_modules\npm\lib\utils\spawn.js:40:14)
14 verbose stack     at emitTwo (events.js:106:13)
14 verbose stack     at ChildProcess.emit (events.js:191:7)
14 verbose stack     at maybeClose (internal/child_process.js:891:16)
14 verbose stack     at Process.ChildProcess._handle.onexit (internal/child_process.js:226:5)
15 verbose pkgid a-simple-react-router-v4-tutorial@0.0.52
16 verbose cwd c:\xampp\htdocs\ReactJs\ReactRoute\public
17 error Windows_NT 10.0.14393
18 error argv "C:\\Program Files\\nodejs\\node.exe" "C:\\Program Files\\nodejs\\node_modules\\npm\\bin\\npm-cli.js" "start"
19 error node v6.11.1
20 error npm  v3.10.10
21 error code ELIFECYCLE
22 error a-simple-react-router-v4-tutorial@0.0.52 start: `react-scripts start`
22 error Exit status 1
23 error Failed at the a-simple-react-router-v4-tutorial@0.0.52 start script 'react-scripts start'.
23 error Make sure you have the latest version of node.js and npm installed.
23 error If you do, this is most likely a problem with the a-simple-react-router-v4-tutorial package,
23 error not with npm itself.
23 error Tell the author that this fails on your system:
23 error     react-scripts start
23 error You can get information on how to open an issue for this project with:
23 error     npm bugs a-simple-react-router-v4-tutorial
23 error Or if that isn't available, you can get their info via:
23 error     npm owner ls a-simple-react-router-v4-tutorial
23 error There is likely additional logging output above.
24 verbose exit [ 1, true ]
